<?xml version="1.0" encoding="UTF-8"?>
<testng-results ignored="0" total="1" passed="1" failed="0" skipped="0">
  <reporter-output>
  </reporter-output>
  <suite started-at="2019-12-03T22:12:19 IST" name="Default suite" finished-at="2019-12-03T22:13:05 IST" duration-ms="46460">
    <groups>
    </groups>
    <test started-at="2019-12-03T22:12:19 IST" name="Default test" finished-at="2019-12-03T22:13:05 IST" duration-ms="46460">
      <class name="com.testcases.AmazonTest.productSearchTest">
        <test-method signature="doLogin(java.util.Hashtable)[pri:0, instance:com.testcases.AmazonTest.productSearchTest@324a0017]" started-at="2019-12-03T22:12:19 IST" name="doLogin" data-provider="getData" finished-at="2019-12-03T22:13:04 IST" duration-ms="45263" status="PASS">
          <params>
            <param index="0">
              <value>
                <![CDATA[{material=Leather, Runmode=Y, searchText=wrist watches for men, display=Analogue, Browser=Chrome}]]>
              </value>
            </param>
          </params>
          <reporter-output>
          </reporter-output>
        </test-method> <!-- doLogin -->
        <test-method is-config="true" signature="quit()[pri:0, instance:com.testcases.AmazonTest.productSearchTest@324a0017]" started-at="2019-12-03T22:13:04 IST" name="quit" finished-at="2019-12-03T22:13:05 IST" duration-ms="1141" status="PASS">
          <reporter-output>
          </reporter-output>
        </test-method> <!-- quit -->
      </class> <!-- com.testcases.AmazonTest.productSearchTest -->
    </test> <!-- Default test -->
  </suite> <!-- Default suite -->
</testng-results>
